<?xml version="1.0" encoding="UTF-8"?>
<!-- Generated by org.testng.reporters.JUnitXMLReporter -->
<testsuite ignored="1" hostname="LAPTOP-BFL3PLL7" failures="0" tests="3" name="Test" time="0.064" errors="0" timestamp="2023-11-27T16:34:45 IST">
  <testcase classname="sdet52.TestScript12Test" name="ts1Test" time="0.007"/>
  <testcase classname="sdet52.TestScript34Test" name="ts3Test" time="0.001"/>
  <testcase classname="sdet52.TestScript34Test" name="ts4Test" time="0.003"/>
  <testcase classname="sdet52.TestScript12Test" name="ts2Test" time="0.0">
    <ignored/>
  </testcase> <!-- ts2Test -->
</testsuite> <!-- Test -->
