<?xml version="1.0" encoding="UTF-8"?>
<!-- Generated by org.testng.reporters.JUnitXMLReporter -->
<testsuite ignored="3" hostname="LAPTOP-BFL3PLL7" failures="0" tests="1" name="Test" time="0.065" errors="0" timestamp="2023-11-30T09:19:14 IST">
  <testcase classname="sdet52.TestScript34Test" name="ts4Test" time="0.009"/>
  <testcase classname="sdet52.TestScript12Test" name="ts2Test" time="0.0">
    <ignored/>
  </testcase> <!-- ts2Test -->
  <testcase classname="sdet52.TestScript12Test" name="ts1Test" time="0.0">
    <ignored/>
  </testcase> <!-- ts1Test -->
  <testcase classname="sdet52.TestScript34Test" name="ts3Test" time="0.0">
    <ignored/>
  </testcase> <!-- ts3Test -->
</testsuite> <!-- Test -->
