<?xml version="1.0" encoding="UTF-8"?>
<testng-results ignored="0" total="1" passed="1" failed="0" skipped="0">
  <reporter-output>
  </reporter-output>
  <suite started-at="2023-11-30T09:19:14 IST" name="Suite" finished-at="2023-11-30T09:19:14 IST" duration-ms="65">
    <groups>
      <group name="Regression">
        <method signature="TestScript34Test.ts4Test()[pri:0, instance:sdet52.TestScript34Test@4550bb58]" name="ts4Test" class="sdet52.TestScript34Test"/>
      </group> <!-- Regression -->
    </groups>
    <test started-at="2023-11-30T09:19:14 IST" name="Test" finished-at="2023-11-30T09:19:14 IST" duration-ms="65">
      <class name="sdet52.TestScript34Test">
        <test-method signature="ts4Test()[pri:0, instance:sdet52.TestScript34Test@4550bb58]" started-at="2023-11-30T09:19:14 IST" name="ts4Test" finished-at="2023-11-30T09:19:14 IST" duration-ms="9" status="PASS">
          <reporter-output>
          </reporter-output>
        </test-method> <!-- ts4Test -->
      </class> <!-- sdet52.TestScript34Test -->
    </test> <!-- Test -->
  </suite> <!-- Suite -->
</testng-results>
